<?xml version="1.0" encoding="UTF-8"?>
<Site BuildName="(empty)"
	BuildStamp="20250126-1407-Experimental"
	Name="(empty)"
	Generator="ctest-3.22.1"
	CompilerName=""
	CompilerVersion=""
	OSName="Linux"
	Hostname="jeffwang-NF5280M6"
	OSRelease="6.8.0-51-generic"
	OSVersion="#52~22.04.1-Ubuntu SMP PREEMPT_DYNAMIC Mon Dec  9 15:00:52 UTC 2"
	OSPlatform="x86_64"
	Is64Bits="1"
	VendorString="GenuineIntel"
	VendorID="Intel Corporation"
	FamilyID="6"
	ModelID="106"
	ProcessorCacheSize="43008"
	NumberOfLogicalCPU="112"
	NumberOfPhysicalCPU="56"
	TotalVirtualMemory="0"
	TotalPhysicalMemory="2031629"
	LogicalProcessorsPerPhysical="2"
	ProcessorClockFrequency="800"
	>
	<Testing>
		<StartDateTime>Jan 27 00:28 CST</StartDateTime>
		<StartTestTime>1737908908</StartTestTime>
		<TestList/>
		<EndDateTime>Jan 27 00:28 CST</EndDateTime>
		<EndTestTime>1737908908</EndTestTime>
		<ElapsedMinutes>0</ElapsedMinutes>
	</Testing>
</Site>
